<?xml version="1.0" encoding="UTF-8"?>
<!-- Generated by org.testng.reporters.JUnitReportReporter -->
<testsuite hostname="DESKTOP-3DGVOQP" failures="0" tests="1" name="automation.testsuite.Day12.Day12_Checkbox_Radio_Dropdownlist" time="3.558" errors="0" timestamp="2023-10-26T19:20:41 ICT" skipped="0">
  <testcase classname="automation.testsuite.Day12.Day12_Checkbox_Radio_Dropdownlist" name="clickOnCheckBox" time="3.558"/>
</testsuite> <!-- automation.testsuite.Day12.Day12_Checkbox_Radio_Dropdownlist -->
