<?xml version="1.0" encoding="UTF-8"?>
<!-- Generated by org.testng.reporters.JUnitReportReporter -->
<testsuite hostname="DESKTOP-3DGVOQP" failures="0" tests="1" name="automation.testsuite.Day8.Day8_LocationPractice" time="6.925" errors="0" timestamp="2023-10-14T21:43:01 ICT" skipped="0">
  <testcase classname="automation.testsuite.Day8.Day8_LocationPractice" name="findLocatorById" time="6.925"/>
</testsuite> <!-- automation.testsuite.Day8.Day8_LocationPractice -->
