<?xml version="1.0" encoding="UTF-8"?>
<!-- Generated by org.testng.reporters.JUnitReportReporter -->
<testsuite hostname="DESKTOP-3DGVOQP" failures="0" tests="1" name="automation.testsuite.Day13.HW.LoginTC" time="22.569" errors="0" timestamp="2023-11-01T00:44:11 ICT" skipped="0">
  <testcase classname="automation.testsuite.Day13.HW.LoginTC" name="Logout" time="22.569"/>
</testsuite> <!-- automation.testsuite.Day13.HW.LoginTC -->
