<?xml version="1.0" encoding="UTF-8"?>
<!-- Generated by org.testng.reporters.JUnitReportReporter -->
<testsuite hostname="DESKTOP-3DGVOQP" failures="0" tests="2" name="automation.testsuite.Day17.IFrame" time="30.390" errors="0" timestamp="2023-11-12T20:47:01 ICT" skipped="0">
  <testcase classname="automation.testsuite.Day17.IFrame" name="findIFrameIndex" time="24.634"/>
  <testcase classname="automation.testsuite.Day17.IFrame" name="handleIFrame" time="5.756"/>
</testsuite> <!-- automation.testsuite.Day17.IFrame -->
