<?xml version="1.0" encoding="UTF-8"?>
<!-- Generated by org.testng.reporters.JUnitReportReporter -->
<testsuite hostname="DESKTOP-3DGVOQP" failures="0" tests="5" name="automation.testsuite.Day13.HW.LoginTC" time="92.041" errors="0" timestamp="2023-11-03T20:34:55 ICT" skipped="0">
  <testcase classname="automation.testsuite.Day13.HW.LoginTC" name="loginSuccessfully" time="15.867"/>
  <testcase classname="automation.testsuite.Day13.HW.LoginTC" name="loginFail_IncorrectEmail" time="12.145"/>
  <testcase classname="automation.testsuite.Day13.HW.LoginTC" name="loginFail_IncorrectPass" time="9.913"/>
  <testcase classname="automation.testsuite.Day13.HW.LoginTC" name="loginFail_IncorrectEmailAndPass" time="31.708"/>
  <testcase classname="automation.testsuite.Day13.HW.LoginTC" name="Logout" time="22.408"/>
</testsuite> <!-- automation.testsuite.Day13.HW.LoginTC -->
