<?xml version="1.0" encoding="UTF-8"?>
<!-- Generated by org.testng.reporters.JUnitReportReporter -->
<testsuite hostname="DESKTOP-3DGVOQP" failures="0" tests="1" name="automation.testsuite.Day14.HW.SignIn" time="45.567" errors="0" timestamp="2023-11-03T23:05:13 ICT" skipped="0">
  <testcase classname="automation.testsuite.Day14.HW.SignIn" name="SignInSuccessfully" time="45.567"/>
</testsuite> <!-- automation.testsuite.Day14.HW.SignIn -->
