<?xml version="1.0" encoding="UTF-8"?>
<!-- Generated by org.testng.reporters.JUnitReportReporter -->
<testsuite hostname="DESKTOP-3DGVOQP" failures="0" tests="1" name="automation.testsuite.Day8.HW.Exs2" time="8.002" errors="0" timestamp="2023-10-14T23:46:16 ICT" skipped="0">
  <testcase classname="automation.testsuite.Day8.HW.Exs2" name="getLocation" time="8.002"/>
</testsuite> <!-- automation.testsuite.Day8.HW.Exs2 -->
