<?xml version="1.0" encoding="UTF-8"?>
<!-- Generated by org.testng.reporters.JUnitReportReporter -->
<testsuite hostname="DESKTOP-3DGVOQP" failures="0" tests="1" name="automation.testsuite.Day17.HW.IFramePractice" time="16.118" errors="0" timestamp="2023-11-15T01:51:46 ICT" skipped="0">
  <testcase classname="automation.testsuite.Day17.HW.IFramePractice" name="handleFrameRegistration" time="16.118"/>
</testsuite> <!-- automation.testsuite.Day17.HW.IFramePractice -->
