<?xml version="1.0" encoding="UTF-8"?>
<!-- Generated by org.testng.reporters.JUnitReportReporter -->
<testsuite hostname="DESKTOP-3DGVOQP" failures="0" tests="1" name="automation.testsuite.Day12.Day12_Multicheckbox" time="5.481" errors="0" timestamp="2023-10-26T20:23:56 ICT" skipped="0">
  <testcase classname="automation.testsuite.Day12.Day12_Multicheckbox" name="multiCheckbox3" time="5.481"/>
</testsuite> <!-- automation.testsuite.Day12.Day12_Multicheckbox -->
