<?xml version="1.0" encoding="UTF-8"?>
<!-- Generated by org.testng.reporters.JUnitReportReporter -->
<testsuite hostname="DESKTOP-3DGVOQP" failures="0" tests="1" name="automation.testsuite.Day14.HW.EditUserInfo" time="120.292" errors="0" timestamp="2023-11-04T01:47:42 ICT" skipped="0">
  <testcase classname="automation.testsuite.Day14.HW.EditUserInfo" name="EditUserInfoSuccessfully" time="120.292"/>
</testsuite> <!-- automation.testsuite.Day14.HW.EditUserInfo -->
