<?xml version="1.0" encoding="UTF-8"?>
<!-- Generated by org.testng.reporters.JUnitReportReporter -->
<testsuite hostname="DESKTOP-3DGVOQP" failures="0" tests="1" name="automation.testsuite.Day14.Login_day14" time="7.713" errors="0" timestamp="2023-11-02T20:33:50 ICT" skipped="0">
  <testcase classname="automation.testsuite.Day14.Login_day14" name="LoginSuccessfully" time="7.713"/>
</testsuite> <!-- automation.testsuite.Day14.Login_day14 -->
