<?xml version="1.0" encoding="UTF-8"?>
<!-- Generated by org.testng.reporters.JUnitReportReporter -->
<testsuite hostname="DESKTOP-3DGVOQP" failures="0" tests="1" name="automation.testsuite.Day12.HW.Homework" time="4.506" errors="0" timestamp="2023-10-28T23:47:39 ICT" skipped="0">
  <testcase classname="automation.testsuite.Day12.HW.Homework" name="handleRadiobox" time="4.506"/>
</testsuite> <!-- automation.testsuite.Day12.HW.Homework -->
