<?xml version="1.0" encoding="UTF-8"?>
<!-- Generated by org.testng.reporters.JUnitReportReporter -->
<testsuite hostname="DESKTOP-3DGVOQP" failures="0" tests="3" name="automation.testsuite.Day13.Login" time="32.162" errors="0" timestamp="2023-10-31T23:18:55 ICT" skipped="0">
  <testcase classname="automation.testsuite.Day13.Login" name="loginFail_IncorrectPass" time="10.469"/>
  <testcase classname="automation.testsuite.Day13.Login" name="loginFail_IncorrectEmail" time="10.118"/>
  <testcase classname="automation.testsuite.Day13.Login" name="loginSuccessfully" time="11.575"/>
</testsuite> <!-- automation.testsuite.Day13.Login -->
