<?xml version="1.0" encoding="UTF-8"?>
<!-- Generated by org.testng.reporters.JUnitReportReporter -->
<testsuite hostname="DESKTOP-3DGVOQP" failures="0" tests="1" name="automation.testsuite.Day16.HW.Day16_HW" time="14.385" errors="0" timestamp="2023-11-11T23:46:19 ICT" skipped="0">
  <testcase classname="automation.testsuite.Day16.HW.Day16_HW" name="changePassword" time="14.385"/>
</testsuite> <!-- automation.testsuite.Day16.HW.Day16_HW -->
