<?xml version="1.0" encoding="UTF-8"?>
<!-- Generated by org.testng.reporters.JUnitReportReporter -->
<testsuite hostname="DESKTOP-3DGVOQP" failures="0" tests="1" name="automation.testsuite.Day8.HW.TS_PractiveLocateElement" time="22.036" errors="0" timestamp="2023-10-14T22:11:10 ICT" skipped="0">
  <testcase classname="automation.testsuite.Day8.HW.TS_PractiveLocateElement" name="Demo_Testcase" time="22.036"/>
</testsuite> <!-- automation.testsuite.Day8.HW.TS_PractiveLocateElement -->
