<?xml version="1.0" encoding="UTF-8"?>
<!-- Generated by org.testng.reporters.JUnitReportReporter -->
<testsuite hostname="DESKTOP-3DGVOQP" failures="0" tests="1" name="automation.testsuite.Day17.PopupWindow" time="8.736" errors="0" timestamp="2023-11-12T19:27:47 ICT" skipped="0">
  <testcase classname="automation.testsuite.Day17.PopupWindow" name="VerifyNewTab" time="8.736"/>
</testsuite> <!-- automation.testsuite.Day17.PopupWindow -->
