<?xml version="1.0" encoding="UTF-8"?>
<!-- Generated by org.testng.reporters.JUnitReportReporter -->
<testsuite hostname="DESKTOP-3DGVOQP" failures="0" tests="2" name="automation.testsuite.Day16.AlertPractice" time="11.600" errors="0" timestamp="2023-11-09T20:48:23 ICT" skipped="0">
  <testcase classname="automation.testsuite.Day16.AlertPractice" name="dismissAlert" time="6.119"/>
  <testcase classname="automation.testsuite.Day16.AlertPractice" name="alertWithTextbox" time="5.481"/>
</testsuite> <!-- automation.testsuite.Day16.AlertPractice -->
