<?xml version="1.0" encoding="UTF-8"?>
<!-- Generated by org.testng.reporters.JUnitReportReporter -->
<testsuite hostname="DESKTOP-3DGVOQP" failures="0" tests="1" name="automation.testsuite.Day8_LocationPractice" time="5.786" errors="0" timestamp="2023-10-14T20:53:29 ICT" skipped="0">
  <testcase classname="automation.testsuite.Day8_LocationPractice" name="findLocatorById" time="5.786"/>
</testsuite> <!-- automation.testsuite.Day8_LocationPractice -->
