<?xml version="1.0" encoding="UTF-8"?>
<!-- Generated by org.testng.reporters.JUnitReportReporter -->
<testsuite hostname="DESKTOP-3DGVOQP" failures="0" tests="1" name="automation.testsuite.Day15.HW.AddFlight" time="22.208" errors="0" timestamp="2023-11-09T00:39:55 ICT" skipped="0">
  <testcase classname="automation.testsuite.Day15.HW.AddFlight" name="addFlightSuccessfully" time="22.208"/>
</testsuite> <!-- automation.testsuite.Day15.HW.AddFlight -->
