<?xml version="1.0" encoding="UTF-8"?>
<!-- Generated by org.testng.reporters.JUnitReportReporter -->
<testsuite hostname="DESKTOP-3DGVOQP" failures="0" tests="1" name="automation.testsuite.Day15.TrizenFlight" time="3.448" errors="0" timestamp="2023-11-08T00:40:44 ICT" skipped="0">
  <testcase classname="automation.testsuite.Day15.TrizenFlight" name="chooseDateTimeSuccessfully" time="3.448"/>
</testsuite> <!-- automation.testsuite.Day15.TrizenFlight -->
