<?xml version="1.0" encoding="UTF-8"?>
<!-- Generated by org.testng.reporters.JUnitReportReporter -->
<testsuite hostname="DESKTOP-3DGVOQP" failures="0" tests="1" name="automation.testsuite.Day12.Day12_Radiobutton" time="13.969" errors="0" timestamp="2023-10-26T20:45:29 ICT" skipped="0">
  <testcase classname="automation.testsuite.Day12.Day12_Radiobutton" name="handleRadioButton" time="13.969"/>
</testsuite> <!-- automation.testsuite.Day12.Day12_Radiobutton -->
